This file contains any messages produced by compilers while
running configure, to aid debugging if configure makes a mistake.

It was created by Semester2-final-project configure 0.1, which was
generated by GNU Autoconf 2.69.  Invocation command line was

  $ ./configure 

## --------- ##
## Platform. ##
## --------- ##

hostname = windows-francis-nixon
uname -m = x86_64
uname -r = 2.3.0(0.290/5/3)
uname -s = MSYS_NT-6.3
uname -v = 2015-09-29 10:48

/usr/bin/uname -p = unknown
/bin/uname -X     = unknown

/bin/arch              = x86_64
/usr/bin/arch -k       = unknown
/usr/convex/getsysinfo = unknown
/usr/bin/hostinfo      = unknown
/bin/machine           = unknown
/usr/bin/oslevel       = unknown
/bin/universe          = unknown

PATH: /c/Python27/Scripts
PATH: /c/Python27
PATH: /c/Program Files (x86)/Python35-32/Scripts
PATH: /c/Program Files (x86)/Python35-32
PATH: /c/ProgramData/Oracle/Java/javapath
PATH: /c/Program Files (x86)/Intel/iCLS Client
PATH: /c/Program Files/Intel/iCLS Client
PATH: /c/WINDOWS/system32
PATH: /c/WINDOWS
PATH: /c/WINDOWS/System32/Wbem
PATH: /c/WINDOWS/System32/WindowsPowerShell/v1.0
PATH: /c/Program Files/Intel/Intel(R) Management Engine Components/DAL
PATH: /c/Program Files (x86)/Intel/Intel(R) Management Engine Components/DAL
PATH: /c/Program Files/Intel/Intel(R) Management Engine Components/IPT
PATH: /c/Program Files (x86)/Intel/Intel(R) Management Engine Components/IPT
PATH: /c/Program Files/nodejs
PATH: /c/Program Files (x86)/CMake/bin
PATH: /cmd
PATH: /mingw64/bin
PATH: /usr/bin
PATH: /c/Users/bob/AppData/Roaming/npm
PATH: /c/Users/bob/AppData/Local/atom/bin
PATH: /c/MinGW/bin
PATH: /c/MinGW/mingw32/bin
PATH: /c/MinGW/msys/1.0/bin
PATH: /c/MinGW/msys/1.0/sbin
PATH: /c/Program Files/LLVM/bin
PATH: /c/Program Files/Java/jdk1.8.0_71/bin
PATH: /c/D/dmd2/windows/bin
PATH: /c/Program Files (x86)/dub
PATH: /c/Program Files/Oracle/VirtualBox
PATH: /c/Program Files (x86)/Java/jdk1.8.0_71/bin


## ----------- ##
## Core tests. ##
## ----------- ##

configure:1756: checking for a BSD-compatible install
configure:1824: result: /usr/bin/install -c
configure:1835: checking whether build environment is sane
configure:1890: result: yes
configure:1928: WARNING: 'missing' script is too old or missing
configure:2041: checking for a thread-safe mkdir -p
configure:2080: result: /usr/bin/mkdir -p
configure:2087: checking for gawk
configure:2103: found /usr/bin/gawk
configure:2114: result: gawk
configure:2125: checking whether make sets $(MAKE)
configure:2147: result: yes
configure:2176: checking whether make supports nested variables
configure:2193: result: yes
configure:2437: javac Test.java
configure:2440: $? = 0
configure:2455: checking for kaffe
configure:2485: result: no
configure:2455: checking for java
configure:2471: found /c/ProgramData/Oracle/Java/javapath/java
configure:2482: result: java
configure:2505: javac Test.java
configure:2508: $? = 0
configure:2511: java Test
configure:2514: $? = 0
configure:2684: checking that generated files are newer than configure
configure:2690: result: done
configure:2698: creating ./config.status

## ---------------------- ##
## Running config.status. ##
## ---------------------- ##

This file was extended by Semester2-final-project config.status 0.1, which was
generated by GNU Autoconf 2.69.  Invocation command line was

  CONFIG_FILES    = 
  CONFIG_HEADERS  = 
  CONFIG_LINKS    = 
  CONFIG_COMMANDS = 
  $ ./config.status 

on windows-francis-nixon

config.status:731: error: cannot find input file: `Makefile.in'

## ---------------- ##
## Cache variables. ##
## ---------------- ##

ac_cv_env_build_alias_set=
ac_cv_env_build_alias_value=
ac_cv_env_host_alias_set=
ac_cv_env_host_alias_value=
ac_cv_env_target_alias_set=
ac_cv_env_target_alias_value=
ac_cv_path_install='/usr/bin/install -c'
ac_cv_path_mkdir=/usr/bin/mkdir
ac_cv_prog_AWK=gawk
ac_cv_prog_JAVA=java
ac_cv_prog_make_make_set=yes
am_cv_make_support_nested_variables=yes

## ----------------- ##
## Output variables. ##
## ----------------- ##

ACLOCAL='aclocal-1.14'
am__isrc=''
am__leading_dot='.'
am__tar='$${TAR-tar} chof - "$$tardir"'
am__untar='$${TAR-tar} xf -'
AM_BACKSLASH='\'
AM_DEFAULT_V='$(AM_DEFAULT_VERBOSITY)'
AM_DEFAULT_VERBOSITY='1'
AM_V='$(V)'
AMTAR='$${TAR-tar}'
AUTOCONF='autoconf'
AUTOHEADER='autoheader'
AUTOMAKE='automake-1.14'
AWK='gawk'
bindir='${exec_prefix}/bin'
build_alias=''
CYGPATH_W='cygpath -w'
datadir='${datarootdir}'
datarootdir='${prefix}/share'
DEFS='-DPACKAGE_NAME=\"Semester2-final-project\" -DPACKAGE_TARNAME=\"semester2-final-project\" -DPACKAGE_VERSION=\"0.1\" -DPACKAGE_STRING=\"Semester2-final-project\ 0.1\" -DPACKAGE_BUGREPORT=\"13nixonf@gmail.com\" -DPACKAGE_URL=\"\" -DPACKAGE=\"Semester2-final-project\" -DVERSION=\"2.6\"'
docdir='${datarootdir}/doc/${PACKAGE_TARNAME}'
dvidir='${docdir}'
ECHO_C=''
ECHO_N='-n'
ECHO_T=''
exec_prefix='${prefix}'
host_alias=''
htmldir='${docdir}'
includedir='${prefix}/include'
infodir='${datarootdir}/info'
INSTALL_DATA='${INSTALL} -m 644'
INSTALL_PROGRAM='${INSTALL}'
INSTALL_SCRIPT='${INSTALL}'
install_sh='${SHELL} /c/Users/bob/Documents/testing/install-sh'
INSTALL_STRIP_PROGRAM='$(install_sh) -c -s'
JAVA='java'
JAVAC='javac'
libdir='${exec_prefix}/lib'
libexecdir='${exec_prefix}/libexec'
LIBOBJS=''
LIBS=''
localedir='${datarootdir}/locale'
localstatedir='${prefix}/var'
LTLIBOBJS=''
MAKEINFO='makeinfo'
mandir='${datarootdir}/man'
mkdir_p='$(MKDIR_P)'
MKDIR_P='/usr/bin/mkdir -p'
oldincludedir='/usr/include'
PACKAGE_BUGREPORT='13nixonf@gmail.com'
PACKAGE_NAME='Semester2-final-project'
PACKAGE_STRING='Semester2-final-project 0.1'
PACKAGE_TARNAME='semester2-final-project'
PACKAGE_URL=''
PACKAGE_VERSION='0.1'
PACKAGE='Semester2-final-project'
PATH_SEPARATOR=':'
pdfdir='${docdir}'
prefix='/usr/local'
program_transform_name='s,x,x,'
psdir='${docdir}'
sbindir='${exec_prefix}/sbin'
SET_MAKE=''
sharedstatedir='${prefix}/com'
SHELL='/bin/sh'
STRIP=''
sysconfdir='${prefix}/etc'
target_alias=''
VERSION='2.6'

## ----------- ##
## confdefs.h. ##
## ----------- ##

/* confdefs.h */
#define PACKAGE_NAME "Semester2-final-project"
#define PACKAGE_TARNAME "semester2-final-project"
#define PACKAGE_VERSION "0.1"
#define PACKAGE_STRING "Semester2-final-project 0.1"
#define PACKAGE_BUGREPORT "13nixonf@gmail.com"
#define PACKAGE_URL ""
#define PACKAGE "Semester2-final-project"
#define VERSION "2.6"

configure: exit 1
